### ISSUE TITLE
Problem with stack pointer

### ISSUE THREAD

**Issue by roman3017** [Dolu1990/pinsecSoftware#1]
I have some problems executing your programs on FPGA (Spartan6) running Pinsec. I have compiled uart test and here is the top of the assembly file:

```
build/uart.elf:     file format elf32-littleriscv

Disassembly of section .yolo:

00000000 <trap_entry-0x20>:
   0:   1480006f            j   148 <_start>
   4:   00000013            nop
   8:   00000013            nop
   c:   00000013            nop
  10:   00000013            nop
  14:   00000013            nop
  18:   00000013            nop
  1c:   00000013            nop

00000020 <trap_entry>:
  20:   00000013            nop
  24:   f8010113            addi    sp,sp,-128
  28:   00312023            sw  gp,0(sp)
  2c:   00112223            sw  ra,4(sp)
  30:   00212423            sw  sp,8(sp)
  34:   00312623            sw  gp,12(sp)
  38:   00412823            sw  tp,16(sp)
  3c:   00512a23            sw  t0,20(sp)
  40:   00612c23            sw  t1,24(sp)
  44:   00712e23            sw  t2,28(sp)
  48:   02812023            sw  s0,32(sp)
  4c:   02912223            sw  s1,36(sp)
  50:   02a12423            sw  a0,40(sp)
  54:   02b12623            sw  a1,44(sp)
  58:   02c12823            sw  a2,48(sp)
  5c:   02d12a23            sw  a3,52(sp)
  60:   02e12c23            sw  a4,56(sp)
  64:   02f12e23            sw  a5,60(sp)
  68:   05012023            sw  a6,64(sp)
  6c:   05112223            sw  a7,68(sp)
  70:   05212423            sw  s2,72(sp)
  74:   05312623            sw  s3,76(sp)
  78:   05412823            sw  s4,80(sp)
  7c:   05512a23            sw  s5,84(sp)
  80:   05612c23            sw  s6,88(sp)
  84:   05712e23            sw  s7,92(sp)
  88:   07812023            sw  s8,96(sp)
  8c:   07912223            sw  s9,100(sp)
  90:   07a12423            sw  s10,104(sp)
  94:   07b12623            sw  s11,108(sp)
  98:   07c12823            sw  t3,112(sp)
  9c:   07d12a23            sw  t4,116(sp)
  a0:   07e12c23            sw  t5,120(sp)
  a4:   07f12e23            sw  t6,124(sp)
  a8:   00000013            nop
  ac:   0200450b            custom0 a0,0,0,1
  b0:   40000317            auipc   t1,0x40000
  b4:   1e0300e7            jalr    t1,480 # 40000290 <irqCpp>
  b8:   00000013            nop
  bc:   00000013            nop
  c0:   00000013            nop
  c4:   00412083            lw  ra,4(sp)
  c8:   00c12183            lw  gp,12(sp)
  cc:   01012203            lw  tp,16(sp)
  d0:   01412283            lw  t0,20(sp)
  d4:   01812303            lw  t1,24(sp)
  d8:   01c12383            lw  t2,28(sp)
  dc:   02012403            lw  s0,32(sp)
  e0:   02412483            lw  s1,36(sp)
  e4:   02812503            lw  a0,40(sp)
  e8:   02c12583            lw  a1,44(sp)
  ec:   03012603            lw  a2,48(sp)
  f0:   03412683            lw  a3,52(sp)
  f4:   03812703            lw  a4,56(sp)
  f8:   03c12783            lw  a5,60(sp)
  fc:   04012803            lw  a6,64(sp)
 100:   04412883            lw  a7,68(sp)
 104:   04812903            lw  s2,72(sp)
 108:   04c12983            lw  s3,76(sp)
 10c:   05012a03            lw  s4,80(sp)
 110:   05412a83            lw  s5,84(sp)
 114:   05812b03            lw  s6,88(sp)
 118:   05c12b83            lw  s7,92(sp)
 11c:   06012c03            lw  s8,96(sp)
 120:   06412c83            lw  s9,100(sp)
 124:   06812d03            lw  s10,104(sp)
 128:   06c12d83            lw  s11,108(sp)
 12c:   07012e03            lw  t3,112(sp)
 130:   07412e83            lw  t4,116(sp)
 134:   07812f03            lw  t5,120(sp)
 138:   07c12f83            lw  t6,124(sp)
 13c:   08010113            addi    sp,sp,128
 140:   0000000b            custom0 0,0,0,0
 144:   00000013            nop

00000148 <_start>:
 148:   0ff00513            li  a0,255
 14c:   0405200b            custom0 0,a0,0,2
 150:   00001117            auipc   sp,0x1
 154:   86810113            addi    sp,sp,-1944 # 9b8 <_stack_start>

00000158 <bss_init>:
 158:   40000517            auipc   a0,0x40000
 15c:   6e050513            addi    a0,a0,1760 # 40000838 <_copy_section>
 160:   40000597            auipc   a1,0x40000
 164:   6e058593            addi    a1,a1,1760 # 40000840 <_bss_end>
...
```

I have connected with openocd over JTAG:

```
src/openocd -f tcl/interface/ftdi/ft2232h_breakout.cfg -f tcl/target/riscv_spinal.cfg -s tcl
Open On-Chip Debugger 0.10.0-dev-00265-g0437c04 (2016-10-01-22:15)
Licensed under GNU GPL v2
For bug reports, read
    http://openocd.org/doc/doxygen/bugs.html
Info : only one transport option; autoselect 'jtag'
adapter speed: 1000 kHz
adapter_nsrst_delay: 260
jtag_ntrst_delay: 250
YOLO riscv_spinal_target_create
Info : set servers polling period to 50ms
YOLO riscv_spinal_init_target
Warn : Using DEPRECATED interface driver 'ft2232'
Info : Consider using the 'ftdi' interface driver, with configuration files in interface/ftdi/...
Info : max TCK change to: 30000 kHz
Info : clock speed 1000 kHz
Info : JTAG tap: fpga_spinal.bridge tap/device found: 0x10001fff (mfg: 0x7ff (<invalid>), part: 0x0001, ver: 0x1)
YOLO riscv_spinal_assert_reset
YOLO riscv_spinal_write_memory
YOLO riscv_spinal_write_memory
YOLO riscv_spinal_deassert_reset
YOLO riscv_spinal_write_memory
```

Then I have stepped through instructions. I expect SP register to change when executing lines 150 and 154 but it is not the case:

```
gdb/gdb ~/projects/pinsecSoftware/tests/uart/build/uart.elf --eval-command='target remote :3333'
Python Exception <type 'exceptions.ImportError'> No module named gdb: 
gdb/gdb: warning: 
Could not load the Python gdb module from `/opt/riscv32gdb/share/gdb/python'.
Limited Python support is available from the _gdb module.
Suggest passing --data-directory=/path/to/gdb/data-directory.

GNU gdb (GDB) 7.11.50.20160803-git
Copyright (C) 2016 Free Software Foundation, Inc.
License GPLv3+: GNU GPL version 3 or later <http://gnu.org/licenses/gpl.html>
This is free software: you are free to change and redistribute it.
There is NO WARRANTY, to the extent permitted by law.  Type "show copying"
and "show warranty" for details.
This GDB was configured as "--host=x86_64-pc-linux-gnu --target=riscv32-unknown-elf".
Type "show configuration" for configuration details.
For bug reporting instructions, please see:
<http://www.gnu.org/software/gdb/bugs/>.
Find the GDB manual and other documentation resources online at:
<http://www.gnu.org/software/gdb/documentation/>.
For help, type "help".
Type "apropos word" to search for commands related to "word"...
Reading symbols from ~/projects/pinsecSoftware/tests/uart/build/uart.elf...done.
Remote debugging using :3333
0x00000000 in ?? ()
(gdb) monitor reset halt
JTAG tap: fpga_spinal.bridge tap/device found: 0x10001fff (mfg: 0x7ff (<invalid>), part: 0x0001, ver: 0x1)
fpga_spinal.cpu0: target state: halted
(gdb) load
Loading section .yolo, size 0x1b8 lma 0x0
Loading section .text, size 0x834 lma 0x40000000
Loading section .ctors, size 0x4 lma 0x40000834
Start address 0x148, load size 2544
Transfer rate: 54 KB/sec, 848 bytes/write.
(gdb) step
Single stepping until exit from function _start,
which has no line number information.
0x00000158 in bss_init ()
(gdb) info reg
ra             0x00000000   0
sp             0x00000000   0
gp             0x00000000   0
tp             0x00000000   0
t0             0x00000000   0
t1             0x00000000   0
t2             0x00000000   0
fp             0x00000000   0
s1             0x00000000   0
a0             0x000000ff   255
a1             0x00000000   0
a2             0x00000000   0
a3             0x00000000   0
a4             0x00000000   0
a5             0x00000000   0
a6             0x00000000   0
a7             0x00000000   0
s2             0x00000000   0
s3             0x00000000   0
s4             0x00000000   0
s5             0x00000000   0
s6             0x00000000   0
s7             0x00000000   0
s8             0x00000000   0
s9             0x00000000   0
s10            0x00000000   0
s11            0x00000000   0
t3             0x00000000   0
t4             0x00000000   0
t5             0x00000000   0
t6             0x00000000   0
pc             0x00000158   344
(gdb) c
Continuing.
^CPython Exception <type 'exceptions.NameError'> Installation error: gdb.execute_unwinders function is missing: 

Program received signal SIGINT, Interrupt.
0x58761afc in ?? ()
(gdb) info reg
ra             0x000000b8   184
sp             0x00000000   0
gp             0x00000000   0
tp             0x00000000   0
t0             0x00000000   0
t1             0x400000b0   1073742000
t2             0x00000000   0
fp             0x00000000   0
s1             0x00000000   0
a0             0x00000000   0
a1             0x40000838   1073743928
a2             0x00000000   0
a3             0x40404040   1077952576
a4             0x00000000   0
a5             0x00000000   0
a6             0x00000000   0
a7             0x00000000   0
s2             0x00000000   0
s3             0x00000000   0
s4             0x00000000   0
s5             0x00000000   0
s6             0x00000000   0
s7             0x00000000   0
s8             0x00000000   0
s9             0x00000000   0
s10            0x00000000   0
s11            0x00000000   0
t3             0x00000000   0
t4             0x00000000   0
t5             0x00000000   0
t6             0x00000000   0
pc             0x81463144   -2126106300
```

I did try to use stepi and correctly stepped over all instructions from 148 to 158 and the result is the same. The program fails since there is no stack and there is no uart print out. Please, let me know if there is anything I am missing.

**Comment by Dolu1990** [comment]
Hi :D
So basicaly, there is a bug in GDB to show C variables, basicaly, the GCC compile access relative the the frame pointer, but GDB debug access relatively to the stack pointer.
To workaround that issue, i have trick the GDB server to return the frame pointer value when you ask the stack pointer value XD
If you want i can add a flag to disable this workaround :) ?

**Comment by roman3017** [comment]
Thanks for the prompt reply. I do not mind the workaround as long as I understand how it works. Is there a way to get SP register value? The failure I experience is in ctors_loop at least based on registers.

**Comment by roman3017** [comment]
This is listing with what seems as a failure:

```
00000148 <_start>:
 148:   0ff00513            li  a0,255
 14c:   0405200b            custom0 0,a0,0,2
 150:   00001117            auipc   sp,0x1
 154:   86810113            addi    sp,sp,-1944 # 9b8 <_stack_start>

00000158 <bss_init>:
 158:   40000517            auipc   a0,0x40000
 15c:   6e050513            addi    a0,a0,1760 # 40000838 <_copy_section>
 160:   40000597            auipc   a1,0x40000
 164:   6e058593            addi    a1,a1,1760 # 40000840 <_bss_end>

00000168 <bss_loop>:
 168:   00b50863            beq a0,a1,178 <bss_done>
 16c:   00052023            sw  zero,0(a0)
 170:   00450513            addi    a0,a0,4
 174:   ff5ff06f            j   168 <bss_loop>

00000178 <bss_done>:
 178:   40000517            auipc   a0,0x40000
 17c:   6bc50513            addi    a0,a0,1724 # 40000834 <_etext>
 180:   ffc10113            addi    sp,sp,-4

00000184 <ctors_loop>:
 184:   40000597            auipc   a1,0x40000
 188:   6b458593            addi    a1,a1,1716 # 40000838 <_copy_section>
 18c:   00b50e63            beq a0,a1,1a8 <ctors_done>
 190:   00052683            lw  a3,0(a0)
 194:   00450513            addi    a0,a0,4
 198:   00a12023            sw  a0,0(sp)
 19c:   000680e7            jalr    a3
 1a0:   00012503            lw  a0,0(sp)
 1a4:   fe1ff06f            j   184 <ctors_loop>

000001a8 <ctors_done>:
 1a8:   00410113            addi    sp,sp,4
 1ac:   40000317            auipc   t1,0x40000
 1b0:   e84300e7            jalr    t1,-380 # 40000030 <main>

000001b4 <infinitLoop>:
 1b4:   0000006f            j   1b4 <infinitLoop>
```

```
(gdb) load
Loading section .yolo, size 0x1b8 lma 0x0
Loading section .text, size 0x834 lma 0x40000000
Loading section .ctors, size 0x4 lma 0x40000834
Start address 0x148, load size 2544
Transfer rate: 54 KB/sec, 848 bytes/write.
(gdb) stepi
0x0000014c in _start ()
(gdb) info reg
ra             0x00000000   0
sp             0x00000000   0
gp             0x00000000   0
tp             0x00000000   0
t0             0x00000000   0
t1             0x00000000   0
t2             0x00000000   0
fp             0x00000000   0
s1             0x00000000   0
a0             0x000000ff   255
a1             0x00000000   0
a2             0x00000000   0
a3             0x00000000   0
a4             0x00000000   0
a5             0x00000000   0
a6             0x00000000   0
a7             0x00000000   0
s2             0x00000000   0
s3             0x00000000   0
s4             0x00000000   0
s5             0x00000000   0
s6             0x00000000   0
s7             0x00000000   0
s8             0x00000000   0
s9             0x00000000   0
s10            0x00000000   0
s11            0x00000000   0
t3             0x00000000   0
t4             0x00000000   0
t5             0x00000000   0
t6             0x00000000   0
pc             0x0000014c   332
(gdb) stepi
0x00000150 in _start ()
(gdb) stepi
0x00000154 in _start ()
(gdb) stepi
0x00000158 in bss_init ()
(gdb) stepi
0x0000015c in bss_init ()
(gdb) info reg
ra             0x00000000   0
sp             0x00000000   0
gp             0x00000000   0
tp             0x00000000   0
t0             0x00000000   0
t1             0x00000000   0
t2             0x00000000   0
fp             0x00000000   0
s1             0x00000000   0
a0             0x40000158   1073742168
a1             0x00000000   0
a2             0x00000000   0
a3             0x00000000   0
a4             0x00000000   0
a5             0x00000000   0
a6             0x00000000   0
a7             0x00000000   0
s2             0x00000000   0
s3             0x00000000   0
s4             0x00000000   0
s5             0x00000000   0
s6             0x00000000   0
s7             0x00000000   0
s8             0x00000000   0
s9             0x00000000   0
s10            0x00000000   0
s11            0x00000000   0
t3             0x00000000   0
t4             0x00000000   0
t5             0x00000000   0
t6             0x00000000   0
pc             0x0000015c   348
(gdb) stepi
0x00000160 in bss_init ()
(gdb) stepi
0x00000164 in bss_init ()
(gdb) info reg
ra             0x00000000   0
sp             0x00000000   0
gp             0x00000000   0
tp             0x00000000   0
t0             0x00000000   0
t1             0x00000000   0
t2             0x00000000   0
fp             0x00000000   0
s1             0x00000000   0
a0             0x40000838   1073743928
a1             0x40000160   1073742176
a2             0x00000000   0
a3             0x00000000   0
a4             0x00000000   0
a5             0x00000000   0
a6             0x00000000   0
a7             0x00000000   0
s2             0x00000000   0
s3             0x00000000   0
s4             0x00000000   0
s5             0x00000000   0
s6             0x00000000   0
s7             0x00000000   0
s8             0x00000000   0
s9             0x00000000   0
s10            0x00000000   0
s11            0x00000000   0
t3             0x00000000   0
t4             0x00000000   0
t5             0x00000000   0
t6             0x00000000   0
pc             0x00000164   356
(gdb) stepi
0x00000168 in bss_loop ()
(gdb) stepi
0x0000016c in bss_loop ()
(gdb) stepi
0x00000170 in bss_loop ()
(gdb) stepi
0x00000174 in bss_loop ()
(gdb) stepi
0x00000168 in bss_loop ()
(gdb) stepi
0x0000016c in bss_loop ()
(gdb) stepi
0x00000170 in bss_loop ()
(gdb) stepi
0x00000174 in bss_loop ()
(gdb) stepi
0x00000168 in bss_loop ()
(gdb) stepi
0x00000178 in ctors_init ()
(gdb) stepi
0x0000017c in ctors_init ()
(gdb) stepi
0x00000180 in ctors_init ()
(gdb) stepi
0x00000184 in ctors_loop ()
(gdb) stepi
0x00000188 in ctors_loop ()
(gdb) stepi
0x0000018c in ctors_loop ()
(gdb) stepi
0x00000190 in ctors_loop ()
(gdb) info reg
ra             0x00000000   0
sp             0x00000000   0
gp             0x00000000   0
tp             0x00000000   0
t0             0x00000000   0
t1             0x00000000   0
t2             0x00000000   0
fp             0x00000000   0
s1             0x00000000   0
a0             0x40000834   1073743924
a1             0x40000838   1073743928
a2             0x00000000   0
a3             0x00000000   0
a4             0x00000000   0
a5             0x00000000   0
a6             0x00000000   0
a7             0x00000000   0
s2             0x00000000   0
s3             0x00000000   0
s4             0x00000000   0
s5             0x00000000   0
s6             0x00000000   0
s7             0x00000000   0
s8             0x00000000   0
s9             0x00000000   0
s10            0x00000000   0
s11            0x00000000   0
t3             0x00000000   0
t4             0x00000000   0
t5             0x00000000   0
t6             0x00000000   0
pc             0x00000190   400
(gdb) stepi
0x00000194 in ctors_loop ()
(gdb) info reg
ra             0x00000000   0
sp             0x00000000   0
gp             0x00000000   0
tp             0x00000000   0
t0             0x00000000   0
t1             0x00000000   0
t2             0x00000000   0
fp             0x00000000   0
s1             0x00000000   0
a0             0x40000834   1073743924
a1             0x40000838   1073743928
a2             0x00000000   0
a3             0x00000000   0
a4             0x00000000   0
a5             0x00000000   0
a6             0x00000000   0
a7             0x00000000   0
s2             0x00000000   0
s3             0x00000000   0
s4             0x00000000   0
s5             0x00000000   0
s6             0x00000000   0
s7             0x00000000   0
s8             0x00000000   0
s9             0x00000000   0
s10            0x00000000   0
s11            0x00000000   0
t3             0x00000000   0
t4             0x00000000   0
t5             0x00000000   0
t6             0x00000000   0
pc             0x00000194   404
(gdb) stepi
0x00000198 in ctors_loop ()
(gdb) stepi
0x0000019c in ctors_loop ()
(gdb) info reg
ra             0x00000000   0
sp             0x00000000   0
gp             0x00000000   0
tp             0x00000000   0
t0             0x00000000   0
t1             0x00000000   0
t2             0x00000000   0
fp             0x00000000   0
s1             0x00000000   0
a0             0x40000838   1073743928
a1             0x40000838   1073743928
a2             0x00000000   0
a3             0x00000000   0
a4             0x00000000   0
a5             0x00000000   0
a6             0x00000000   0
a7             0x00000000   0
s2             0x00000000   0
s3             0x00000000   0
s4             0x00000000   0
s5             0x00000000   0
s6             0x00000000   0
s7             0x00000000   0
s8             0x00000000   0
s9             0x00000000   0
s10            0x00000000   0
s11            0x00000000   0
t3             0x00000000   0
t4             0x00000000   0
t5             0x00000000   0
t6             0x00000000   0
pc             0x0000019c   412
(gdb) stepi
0x00000000 in ?? ()
(gdb) info reg
ra             0x000001a0   416
sp             0x00000000   0
gp             0x00000000   0
tp             0x00000000   0
t0             0x00000000   0
t1             0x00000000   0
t2             0x00000000   0
fp             0x00000000   0
s1             0x00000000   0
a0             0x40000838   1073743928
a1             0x40000838   1073743928
a2             0x00000000   0
a3             0x00000000   0
a4             0x00000000   0
a5             0x00000000   0
a6             0x00000000   0
a7             0x00000000   0
s2             0x00000000   0
s3             0x00000000   0
s4             0x00000000   0
s5             0x00000000   0
s6             0x00000000   0
s7             0x00000000   0
s8             0x00000000   0
s9             0x00000000   0
s10            0x00000000   0
s11            0x00000000   0
t3             0x00000000   0
t4             0x00000000   0
t5             0x00000000   0
t6             0x00000000   0
pc             0x00000000   0
```

This time PC value is 0. I expected a3 to change at step 190.

**Comment by Dolu1990** [comment]
Hoo, maybe it is an SDRAM issue (that make everything going wrong)
Did you adapt timings for your FPGA kit ? At which frequency are you running your system ?
What you can try is to change the linker script to put every thing on the internal ram. (you can also recompile the Pinsec with an bigger internal ram)

Also, i recently add a test that use timer to make leds blink (cDemo) and that do an uart echo (with interrupt aswell) I think it's a better starting point than the "uart test".
Also it's better to have the head of the SpinalHDL repository to generate the RTL, i just patched an issue that make debuging not working when you mix breakpoint + interrupt.

Let's me know how are going things :D
Ii use an DE1-SoC kit to do all my tests, as far i know every thing is working (Interrupt, debug, breakpoint, mandelbrot, bubble demo, uart, timer, sdram, onechip memory)

**Comment by Dolu1990** [comment]
So, i susspect an SDRAM issue, because the first usage of it come in the ctors_loop loop :)
How did you manage the external SDRAM clock phase ? On my kit it's -2.5 ns for example.

**Comment by Dolu1990** [comment]
What you can do to check it (a little bit), is to use GDB to write/read value from SDRAM, and check every thing is fine. You can also check that the embedded RAM is fine,

**Comment by roman3017** [comment]
I am trying cDemo now and it is behaving better and I can step through main() in SDRAM. I have also updated and recompiled gdb. I do not see uart print outs yet but that can be Pinsec/SDRAM issue as you have pointed out. I will try to to regenerate Pinsec and read/write SDRAM from gdb. I run at 100MHz and have not modified SDRAM timing yet. I am using Scarab's miniSpartan6+ board. Thank you very much for your help.

```
(gdb) step
Single stepping until exit from function _start,
which has no line number information.
0x00000158 in bss_init ()
(gdb) step
Single stepping until exit from function bss_init,
which has no line number information.
0x00000168 in bss_loop ()
(gdb) step
Single stepping until exit from function bss_loop,
which has no line number information.
0x00000178 in ctors_init ()
(gdb) step
Single stepping until exit from function ctors_init,
which has no line number information.
0x00000184 in ctors_loop ()
(gdb) step
Single stepping until exit from function ctors_loop,
which has no line number information.
0x000001a8 in ctors_done ()
(gdb) step
Single stepping until exit from function ctors_done,
which has no line number information.
main () at src/main.c:60
60  int main() {
(gdb) step

Breakpoint 1, main () at src/main.c:61
61      initUart();
(gdb) step
62      initTimer();
(gdb) step
63      initGpio();
...
```

**Comment by Dolu1990** [comment]
Great :)
So, for me that stuff also work with eclipse + zylin embedded debug plugin.

Initialize command : 
target remote localhost:3333
monitor  reset halt
load

Run command : 
continue

Let's me know how are going things :)

**Comment by roman3017** [comment]
Unfortunately I have a problem to generate Pinsec after updating git repo:

```
$ sbt "project SpinalHDL-lib" "run-main spinal.lib.soc.pinsec.Pinsec"
[info] Loading project definition from ~/projects/SpinalHDL/project
[info] Set current project to SpinalHDL all (in build file:~/projects/SpinalHDL/)
[info] Set current project to SpinalHDL Lib (in build file:~/projects/SpinalHDL/)
[warn] Scala version was updated by one of library dependencies:
[warn]  * org.scala-lang:scala-library:2.11.6 -> 2.11.7
[warn] To force scalaVersion, add the following:
[warn]  ivyScala := ivyScala.value map { _.copy(overrideScalaVersion = true) }
[warn] Run 'evicted' to see detailed eviction warnings
[warn] Scala version was updated by one of library dependencies:
[warn]  * org.scala-lang:scala-library:2.11.6 -> 2.11.7
[warn] To force scalaVersion, add the following:
[warn]  ivyScala := ivyScala.value map { _.copy(overrideScalaVersion = true) }
[warn] Run 'evicted' to see detailed eviction warnings
[info] Compiling 16 Scala sources to ~/projects/SpinalHDL/core/target/scala-2.11/classes...
[error] missing or invalid dependency detected while loading class file 'BaseTypeFactory.class'.
[error] Could not access type BoolFactory in package spinal.core,
[error] because it (or its dependencies) are missing. Check your build definition for
[error] missing or conflicting dependencies. (Re-run with `-Ylog-classpath` to see the problematic classpath.)
[error] A full rebuild may help if 'BaseTypeFactory.class' was compiled against an incompatible version of spinal.core.
...
```

**Comment by Dolu1990** [comment]
It look like it's an scala setup/cache problem, i just tryed your command with a clean clone of the SpinalHDL repo, and everything is going fine.
Maybe you need to do a "sbt clean".

**Comment by roman3017** [comment]
The command 'sbt clean' had some java errors but deleting folder and checking it out again has fixed the issue. Thanks.

**Comment by roman3017** [comment]
After recompiling Pinsec, gdb is much better behaved. PC does not go off to completely strange addresses as in the beginning. I still do not have uart or blink. This can be an issue with my FPGA configuration so I will close this. Thank you very much for your help.

```
(gdb) monitor reset halt
JTAG tap: fpga_spinal.bridge tap/device found: 0x10001fff (mfg: 0x7ff (<invalid>), part: 0x0001, ver: 0x1)
fpga_spinal.cpu0: target state: halted
(gdb) load
Loading section .yolo, size 0x1b8 lma 0x0
Loading section .text, size 0xc4b8 lma 0x40000000
Loading section .data, size 0x8c0 lma 0x4000c4b8
Start address 0x148, load size 53040
Transfer rate: 45 KB/sec, 3536 bytes/write.
(gdb) step
Single stepping until exit from function _start,
which has no line number information.
0x00000158 in bss_init ()
(gdb) step
Single stepping until exit from function bss_init,
which has no line number information.
0x00000168 in bss_loop ()
(gdb) step
Single stepping until exit from function bss_loop,
which has no line number information.
0x00000178 in ctors_init ()
(gdb) step
Single stepping until exit from function ctors_init,
which has no line number information.
0x00000184 in ctors_loop ()
(gdb) step
Single stepping until exit from function ctors_loop,
which has no line number information.
0x000001a8 in ctors_done ()
(gdb) step
Single stepping until exit from function ctors_done,
which has no line number information.
main () at src/main.c:60
60  int main() {
(gdb) info reg
ra             0x000001b4   436
sp             0x00000000   0
gp             0x00000000   0
tp             0x00000000   0
t0             0x00000000   0
t1             0x400001ac   1073742252
t2             0x00000000   0
fp             0x00000000   0
s1             0x00000000   0
a0             0x4000c4b8   1073792184
a1             0x4000c4b8   1073792184
a2             0x00000000   0
a3             0x00000000   0
a4             0x00000000   0
a5             0x00000000   0
a6             0x00000000   0
a7             0x00000000   0
s2             0x00000000   0
s3             0x00000000   0
s4             0x00000000   0
s5             0x00000000   0
s6             0x00000000   0
s7             0x00000000   0
s8             0x00000000   0
s9             0x00000000   0
s10            0x00000000   0
s11            0x00000000   0
t3             0x00000000   0
t4             0x00000000   0
t5             0x00000000   0
t6             0x00000000   0
pc             0x40000130   1073742128
(gdb) c
Continuing.
^C
Program received signal SIGINT, Interrupt.
0x43fffff8 in ?? ()
```

**Comment by Dolu1990** [comment]
Ok :D
So basicaly, the boot assembly is loaded into the FPGA memory, but as soon it go in the main function, it load instruction from the sdram.

**Comment by roman3017** [comment]
To simplify debugging I am not using SDRAM for now:

```
$ git diff
diff --git a/resources/linker.ld b/resources/linker.ld
index 9e40908..f861057 100755
--- a/resources/linker.ld
+++ b/resources/linker.ld
@@ -18,8 +18,14 @@ OUTPUT_ARCH( "riscv" )
 /*----------------------------------------------------------------------*/

 MEMORY {
-  onChipRam (W!RX)/*(RX)*/ : ORIGIN = 0x00000000, LENGTH = 96K
+/*
+  onChipRam (W!RX) : ORIGIN = 0x00000000, LENGTH = 96K
   sdram (W!RX) : ORIGIN = 0x40000000, LENGTH = 64M
+*/
+
+  onChipRam (W!RX) : ORIGIN = 0x00000000, LENGTH = 32K
+  sdram (W!RX) : ORIGIN = 0x00008000, LENGTH = 64K
+
 }
 _stack_size = 2k;
 _heap_size = 8k;
```

But there is still something wrong with the code when I step through it. Do you use the latest toolchain? The latest one does not work for me so I use:

```
git clone https://github.com/riscv/riscv-gnu-toolchain
cd riscv-gnu-toolchain
git checkout 7e48594
git submodule update --init --recursive

mkdir buildi; cd buildi
../configure --with-arch=RV32I --prefix=/opt/riscv32i
make -j$(nproc)
cd -

mkdir buildim; cd buildim
../configure --with-arch=RV32IM --prefix=/opt/riscv32im
make -j$(nproc)
```

**Comment by Dolu1990** [comment]
So, about the RISCV toolchain, i had a lot of issues with it, I finaly find one version that work well for me XD

If you want can send  you compiled tools.

Also, do you update that line in the pinsec.scala ? :
      ram.io.axi       -> (0x00000000L,   32 kB),

and that lines  ? :
    val ram = Axi4SharedOnChipRam(
      dataWidth = 32,
      byteCount = 32 kB,
      idWidth = 4
    )

**Comment by Dolu1990** [comment]
sorry 96 KB in place of 32 of course

**Comment by Dolu1990** [comment]
Just to know, what happen if you just run the program, without breakpoint, without step by step ? Does it work ? (GPIO A should count up slowly, some uart message 115200, 1 stop bit, no parity should come aswell)

**Comment by roman3017** [comment]
If I just run it there is no uart or blink. That is why I am stepping through it. Thanks for pointing out the memory, I thought 96k is default and now I see 4k is default. No wonder I am getting weird results. I am updating it now. Do you know what is hash of your toolchain? I am using 7e48594, which is toolchain used by picorv32.

**Comment by Dolu1990** [comment]
I'm sorry, i realy don't know what was the hash used for my toolchain, i compiled it a long time ago, and the toolchain repository isn't with the right hash. But probably it's the same than the picorv32.

But maybe, with the 96k fix, everything will be fine :D
Anyway tools where uploaded there (400 MB) : https://drive.google.com/open?id=0B-CqLXDTaMbKYnEwTzNFanVCNk0

**Comment by roman3017** [comment]
Thank you very much, I am downloading your toolchain. I have some problems with routing/placing with 96k RAM since I have a small Spartan6 chip but now I know the problem and will play with it till it works. You are very helpful. Thanks again.

**Comment by Dolu1990** [comment]
No problems :)
If you want to fit all the binary + stack + heap in smaller onchip ram =>
you can comment out all printf and as mutch #include "stdxxx.h" as you can, they consume  a lot of binary space.

Good luck ^^

**Comment by roman3017** [comment]
Just a quick update in case someone tries the same; I have got LEDs working, UART is still not working. Managed to fit everything to 36k RAM, which fits to Spartan 6 LX9 FPGA:

```
$ git diff
diff --git a/resources/linker.ld b/resources/linker.ld
index 9e40908..e9d00f0 100755
--- a/resources/linker.ld
+++ b/resources/linker.ld
@@ -18,8 +18,14 @@ OUTPUT_ARCH( "riscv" )
 /*----------------------------------------------------------------------*/

 MEMORY {
-  onChipRam (W!RX)/*(RX)*/ : ORIGIN = 0x00000000, LENGTH = 96K
+/*
+  onChipRam (W!RX) : ORIGIN = 0x00000000, LENGTH = 36K
   sdram (W!RX) : ORIGIN = 0x40000000, LENGTH = 64M
+*/
+
+  onChipRam (W!RX) : ORIGIN = 0x00000000, LENGTH = 4K
+  sdram (W!RX) : ORIGIN = 0x00001000, LENGTH = 32K
+
 }
 _stack_size = 2k;
 _heap_size = 8k;
diff --git a/tests/cDemo/src/main.c b/tests/cDemo/src/main.c
index 6d3b618..bacfeba 100755
--- a/tests/cDemo/src/main.c
+++ b/tests/cDemo/src/main.c
@@ -1,7 +1,7 @@
 #include <stdio.h>
-#include <string.h>
+//#include <string.h>
 #include <stdint.h>
-#include <stdlib.h>
+//#include <stdlib.h>

 #define CORE_HZ 100000000

@@ -49,7 +49,7 @@ void initTimer(){

 void initGpio(){
        //Set leds to zero
-       GPIO_A_BASE[0] = 0;
+       GPIO_A_BASE[0] = 0x81;
 }

 void setInterruptMask(uint32_t mask){
@@ -66,7 +66,8 @@ int main() {
        printf("Hello world\n");
        printf("a\n");
        printf("b\n");
-
+       printf("c\n");
+#if 0
        while(1){
                uint64_t sum = 0;
                for(uint32_t idx = 0;idx < 10000000;idx++){
@@ -74,7 +75,7 @@ int main() {
                }
                printf("Sum from 0 to 10000000 = %x%x   ref = 2d7987f0d4c0\n",(uint32_t)(sum >> 32),(uint32_t)(sum));
        }
-
+#endif
 }


@@ -103,7 +104,7 @@ void irqC(uint32_t irq){

 //Implement stdio functions to redirect the printf to the uart.
 int close(int fd) {return 0;}
-int fstat(int fd, struct _stat *buffer) {return 0;}
+int fstat(int fd, void *buffer) {return 0;}
 int isatty(int fd) {return 0;}
 long lseek(int fd, long offset, int origin) {return 0;}
 int read(int fd, void *buffer, unsigned int count) {return 0;}
```

Now it is clear that there is something wrong with my SDRAM and UART.

**Comment by roman3017** [comment]
I have a question about UART code, since when I step into the printf code it does not step to the write method. On the other hand, when I define puts method instead, printf would step to it but it gets stuck:

```
+int puts(const char *buffer)
+{
+       int idx;
+       for (idx = 0; buffer[idx] != 0; idx++) {
+               while((UART_BASE[1] & 0x00FF0000) == 0);
+               UART_BASE[0] = buffer[idx];
+       }
+       return idx;
+}

+#if 0
 //Implement stdio functions to redirect the printf to the uart.
 int close(int fd) {return 0;}
int fstat(int fd, struct _stat *buffer) {return 0;}
 int isatty(int fd) {return 0;}
 long lseek(int fd, long offset, int origin) {return 0;}
 int read(int fd, void *buffer, unsigned int count) {return 0;}
int write(int fd, const void *buffer, unsigned int count) {
    for (int idx = 0; idx < count; idx++) {
        while(((UART_BASE[1] >> 16) & 0xFF) == 0);
        UART_BASE[0] = ((char*) buffer)[idx];
    }
    return count;
}
+#endif
```

Have you seen this problem before?

**Comment by Dolu1990** [comment]
Hi,

So on your experiments, the execution is stuck on :
while(((UART_BASE[1] >> 16) & 0xFF) == 0);   ?
I never had this issue. What is the value of UART_BASE[0](watch expression) ?

About printf, i had the issue that it won't transmit until a \n come, i lose some time on that XD

How fast is going your FPGA clock ? (update  #define CORE_HZ 100000000)

**Comment by roman3017** [comment]
UART_BASE[1] is 0x00100002 and it is freezing elsewhere and I have some problems to debug it. I do not step and just use continue, get frozen, press Ctr-C and get stack at random points sometimes inside irqC and cannot step or continue anymore and have to reload. When frozen it looks like this:

```
(gdb) disas
Dump of assembler code for function main:
   0x00001134 <+0>: addi    sp,sp,-16
   0x00001138 <+4>: sw  ra,12(sp)
   0x0000113c <+8>: sw  s0,8(sp)
   0x00001140 <+12>:    addi    s0,sp,16
   0x00001144 <+16>:    jal 0x1000 <initUart>
   0x00001148 <+20>:    jal 0x10e8 <initGpio>
   0x0000114c <+24>:    lui a5,0x1
   0x00001150 <+28>:    addi    a0,a5,752 # 0x12f0
   0x00001154 <+32>:    jal 0x1298 <puts>
=> 0x00001158 <+36>:    lui a5,0x1
   0x0000115c <+40>:    addi    a0,a5,764 # 0x12fc
   0x00001160 <+44>:    jal 0x1298 <puts>
   0x00001164 <+48>:    lui a5,0x1
   0x00001168 <+52>:    addi    a0,a5,768 # 0x1300
   0x0000116c <+56>:    jal 0x1298 <puts>
   0x00001170 <+60>:    lui a5,0x1
   0x00001174 <+64>:    addi    a0,a5,772 # 0x1304
   0x00001178 <+68>:    jal 0x1298 <puts>
   0x0000117c <+72>:    j   0x117c <main+72>
End of assembler dump.
(gdb) info reg
ra             0x00001158   4440
sp             0x000009a4   2468
gp             0x00000000   0
tp             0x00000000   0
t0             0x00000000   0
t1             0x00000000   0
t2             0x00000000   0
fp             0x000009a4   2468
s1             0x00000000   0
a0             0x000012f0   4848
a1             0x00001404   5124
a2             0x00000000   0
a3             0x00000000   0
a4             0x00000007   7
a5             0x00000013   19
a6             0x00000000   0
a7             0x00000000   0
s2             0x00000000   0
s3             0x00000000   0
s4             0x00000000   0
s5             0x00000000   0
s6             0x00000000   0
s7             0x00000000   0
s8             0x00000000   0
s9             0x00000000   0
s10            0x00000000   0
s11            0x00000000   0
t3             0x00000000   0
t4             0x00000000   0
t5             0x00000000   0
t6             0x00000000   0
pc             0x00001158   4440
(gdb) x/10x 0xf0010000
0xf0010000: 0x00000000  0x00100002  0x00000000  0x00000000
0xf0010010: 0x00000000  0x00100002  0x00000000  0x00000000
0xf0010020: 0x00000000  0x00100002
```

Oddly enough, if I comment out initTimer and setInterruptMask and slowly step through the code, UART prints out "Hello world". If I just continue, execution gets stuck and nothing prints out.

The FPGA clock I pass to Pinsec is 100MHz. Do you pass an external timer to Pinsec? I do not:

```
io_timerExternal_clear => '0',
io_timerExternal_tick => '0',
```

**Comment by Dolu1990** [comment]
UART_BASE[1] = 0x00100002 is correct.

So i just tried to do breakpoints, step by step, assembly step by step from eclipse zylin CDT, and that work correctly on my kit.

I'm not an expert of debuging C application directly from GDB, could you send me all command lines that i need to use to go in the same situation than you ?

I don't use external timer. As you do it's fine.
Do you checked the synthesis repport ? maybe 100 Mhz is to fast for Spartan 6 and it produce some random bugs ?

**Comment by Dolu1990** [comment]
Hoo and currently, what is working if you just run the program ? only leds ?

**Comment by Dolu1990** [comment]
Just to be sure, the SpinalHDL head that you use is the one dated from the Oct 13, 2016 / ec6e9bee447546f1b25b74740371acf8427d7e22 ? I fix an issue related to debug + interrupt in that commit.

**Comment by roman3017** [comment]
The only gdb commands I use are:

```
monitor reset halt
load
continue
Ctrl-C //interrupt execution
step //step over C line
stepi //step over assembly line
disassemble //show disassembler
p /x *buffer //print variable in hex
x/12x 0xf0010000 //display 12 memory locations starting at 0xf0010000 in hex
info reg //show registers
```

I am just about to decrease the clock in FPGA to 50MHz. Currently I can see UART prints when I manually step through the code without timers/interrupts and I can see an LED pattern set in initGpio.

The latest commit to SpinalHDL in my repo is:

```
commit ec6e9bee447546f1b25b74740371acf8427d7e22
Author: Dolu1990 <charles.papon.90@gmail.com>
Date:   Thu Oct 13 17:58:20 2016 +0200

    RISCV cpu, add IRQ inhibate flag. Used by debugExtension
```

**Comment by roman3017** [comment]
Ok, that was it, after changing the clock speed to 50MHz I can see changing LED pattern caused by the timer interrupts and UART is working as well. To summarize, I had the following problems:
- RAM size default is 4k not 96k
- FPGA clock 100MHz is too fast

And this issue is still there:
- SDRAM not working yet

Thanks again for your help.

**Comment by Dolu1990** [comment]
:D :D
Great :D
No problems ^^

**Comment by Dolu1990** [comment]
I'm happy to know that somebody else in the world has this Pinsec SoC working ^^
You probably are the first one XD

**Comment by roman3017** [comment]
Here are my changes in order to fit it to 36k RAM I have defined in Pinsec for Spartan 6 LX9 FPGA:

```
$ git diff
diff --git a/resources/linker.ld b/resources/linker.ld
index 9e40908..e9d00f0 100755
--- a/resources/linker.ld
+++ b/resources/linker.ld
@@ -18,8 +18,14 @@ OUTPUT_ARCH( "riscv" )
 /*----------------------------------------------------------------------*/

 MEMORY {
-  onChipRam (W!RX)/*(RX)*/ : ORIGIN = 0x00000000, LENGTH = 96K
+/*
+  onChipRam (W!RX) : ORIGIN = 0x00000000, LENGTH = 36K
   sdram (W!RX) : ORIGIN = 0x40000000, LENGTH = 64M
+*/
+
+  onChipRam (W!RX) : ORIGIN = 0x00000000, LENGTH = 4K
+  sdram (W!RX) : ORIGIN = 0x00001000, LENGTH = 32K
+
 }
 _stack_size = 2k;
 _heap_size = 8k;
diff --git a/tests/cDemo/src/main.c b/tests/cDemo/src/main.c
index 6d3b618..4d44bdf 100755
--- a/tests/cDemo/src/main.c
+++ b/tests/cDemo/src/main.c
@@ -3,7 +3,7 @@
 #include <stdint.h>
 #include <stdlib.h>

-#define CORE_HZ 100000000
+#define CORE_HZ 50000000

 #define GPIO_A_BASE    ((volatile uint32_t*)(0xF0000000))
 #define GPIO_B_BASE    ((volatile uint32_t*)(0xF0001000))
@@ -63,18 +63,20 @@ int main() {
        initGpio();
        setInterruptMask(0xFF);

-       printf("Hello world\n");
-       printf("a\n");
-       printf("b\n");
+       printf("Hello world\r\n");
+       printf("a\r\n");
+       printf("b\r\n");

-       while(1){
+       while(1);
+#if 0
+       {
                uint64_t sum = 0;
                for(uint32_t idx = 0;idx < 10000000;idx++){
                        sum += idx;
                }
                printf("Sum from 0 to 10000000 = %x%x   ref = 2d7987f0d4c0\n",(uint32_t)(sum >> 32),(uint32_t)(sum));
        }
-
+#endif
 }


@@ -82,7 +84,7 @@ void irqC(uint32_t irq){
        if(irq & 0x20){  //TimerABCD interrupt ?
                uint32_t pendings = TIMER_INTERRUPT_BASE[0];
                if(pendings & 0x1){  //TimerA ?
-                       printf("TimerB tick\n");
+                       printf("TimerB tick\r\n");
                        TIMER_INTERRUPT_BASE[0] = 0x1;
                }
                if(pendings & 0x2){  //TimerB ?
@@ -103,7 +105,7 @@ void irqC(uint32_t irq){

 //Implement stdio functions to redirect the printf to the uart.
 int close(int fd) {return 0;}
-int fstat(int fd, struct _stat *buffer) {return 0;}
+int fstat(int fd, void *st) {return 0;}
 int isatty(int fd) {return 0;}
 long lseek(int fd, long offset, int origin) {return 0;}
 int read(int fd, void *buffer, unsigned int count) {return 0;}
```

**Comment by Dolu1990** [comment]
Thanks :)

Then if you want to have SDRAM working, tell me, i can tell you things/tips that you need.

**Comment by roman3017** [comment]
Any tip would be great. I am working on SDRAM right now. It is Winbond 4M x 4BANKS x 16BITS SDRAM W9825G6JH-6. I have added to SdramDevices.scala:

```
object W9825G6JH {
  def layout = SdramLayout(
    bankWidth = 2,
    columnWidth = 9,
    rowWidth = 13,
    dataWidth = 16
  )

  def timingGrade7 = SdramTimings(
    bootRefreshCount =   8,
    tPOW             = 200 us,
    tREF             =  64 ms,
    tRC              =  60 ns,
    tRFC             =  60 ns,
    tRAS             =  42 ns,
    tRP              =  18 ns,
    tRCD             =  18 ns,
    cMRD             =  2,
    tWR              =  7.5 ns,
    cWR              =  1
  )
}
```

I have also changed sdramCtrl in Pinsec.scala:

```
    val sdramCtrl = Axi4SharedSdramCtrl(
      axiDataWidth = 32,
      axiIdWidth   = 4,
      layout       = W9825G6JH.layout,
      timing       = W9825G6JH.timingGrade7,
      CAS          = 3
    )
```

I use ODDR2 in FPGA to export 50MHz SDRAM clock from 50MHz clock used for Pinsec. I wish SDRAM controller in Pinsec would output SDRAM_CLK.

**Comment by Dolu1990** [comment]
Hoo, yes you are right about timings changes.
Also do not forget to change the frequancy setup in the scala "def main" function

About the generation of the clock that drive the SDRAM clock.
It should be generated in your toplevel, it's not related the the Pinsec SDRAM controller. because it's realy target specific.

So, virtualy, the SDRAM chip should have the same clock than the FPGA, which mean, you need to use a PLL to create the FPGA axi clock and the sdram chip clock with a phase shift (-2.5 ns on Cyclone V is working, i get this number from a reference design, so if you find a Xilinx Spartan 6 reference design that use SDRAM, it's jackpot ^^)

**Comment by Dolu1990** [comment]
How do you use the ODDR2  to export the 50 mhz clock ?

**Comment by roman3017** [comment]
I generate 50MHz axi_Clk with PLL from input clock CLK_I and then export it with ODDR2 as follows:

```
    clk_inst: clk
    port map(
        CLK_IN1 => CLK_I,
        CLK_OUT1 => axiClk,
        CLK_OUT2 => open
    );

    sdram_clk_export: ODDR2
    port map(
        Q => SDRAM_CLK, C0 => axiClk, C1 => not axiClk, CE => '1',
        R => '0', S => '0', D0 => '1', D1 => '0'
    );
```

I have borrowed this code from a working SDRAM code example. But since it does not work, I will try a phase shift. I have also tried CLK_OUT2.

I have modified Pinsec.scala as follows:

```
object Pinsec {
  def main(args: Array[String]) {
    val config = SpinalConfig().dumpWave()
    config.generateVerilog(new Pinsec(50 MHz))
    config.generateVhdl(new Pinsec(50 MHz))
  }
```

**Comment by Dolu1990** [comment]
Ahhhhh ok :D
So, are sdram input output flops inside the FPGA io buffer ? or they are in the FPGA fabric ? you have to force them to be in the FPGA io buffers to have good timings.
For example on altera, it's a "fast input register" "fast output register" "fast output enable register" configuration to give in the pin mapping file.

**Comment by Dolu1990** [comment]
Hoo also, be carefull, limit the current of SDRAM pin to 4 mA to avoid burning things XD (I never had that issue, but who know ?)

**Comment by roman3017** [comment]
They seem to be inside io buffers:

```
 clkin1_buf : IBUFG
  port map
   (O => clkin1,
    I => CLK_IN1);

  clkout1_buf : BUFG
  port map
   (O   => clk_out1_internal,
    I   => clk0);

  CLK_OUT1 <= clk_out1_internal;
```

I will read some more about it. All timing constraints are met. Based on the timing report the minimum period is 8ns while I use 20ns. So from FPGA point of view even 125MHz should work.Thanks.

**Comment by roman3017** [comment]
Finally I have got SDRAM working. I had a typo mistake in pin locations. These are my Pinsec.scala chages:

```
--- a/lib/src/main/scala/spinal/lib/soc/pinsec/Pinsec.scala
+++ b/lib/src/main/scala/spinal/lib/soc/pinsec/Pinsec.scala
@@ -139,15 +139,15 @@ class Pinsec(axiFrequency : BigDecimal) extends Component{

     val ram = Axi4SharedOnChipRam(
       dataWidth = 32,
-      byteCount = 4 kB,
+      byteCount = 36 kB,
       idWidth = 4
     )

     val sdramCtrl = Axi4SharedSdramCtrl(
       axiDataWidth = 32,
       axiIdWidth   = 4,
-      layout       = IS42x320D.layout,
-      timing       = IS42x320D.timingGrade7,
+      layout       = W9825G6JH6.layout,
+      timing       = W9825G6JH6.timingGrade7,
       CAS          = 3
     )

@@ -200,8 +200,8 @@ class Pinsec(axiFrequency : BigDecimal) extends Component{
     val axiCrossbar = Axi4CrossbarFactory()

     axiCrossbar.addSlaves(
-      ram.io.axi       -> (0x00000000L,   4 kB),
-      sdramCtrl.io.axi -> (0x40000000L,  64 MB),
+      ram.io.axi       -> (0x00000000L,  36 kB),
+      sdramCtrl.io.axi -> (0x40000000L,  32 MB),
       apbBridge.io.axi -> (0xF0000000L,   1 MB)
     )

@@ -268,7 +268,7 @@ class Pinsec(axiFrequency : BigDecimal) extends Component{
 object Pinsec{
   def main(args: Array[String]) {
     val config = SpinalConfig().dumpWave()
-    config.generateVerilog(new Pinsec(100 MHz))
-    config.generateVhdl(new Pinsec(100 MHz))
+    config.generateVerilog(new Pinsec(50 MHz))
+    config.generateVhdl(new Pinsec(50 MHz))
   }
}
```

Thanks again for your help. Do you want me to submit a pull request for SdramDevices.scala containing my SDRAM timings?

**Comment by roman3017** [comment]
Since SDRAM is working now I was thinking to try VGA test but have some problems to compile it. My RAM is 36K and SDRAM 32M:

```
make[2]: Entering directory '~/projects/pinsecSoftware/tests/ugfx'
makefile:8: ugfx_lib/gfx.mk: No such file or directory
makefile:9: ugfx_lib/drivers/gdisp/framebuffer/driver.mk: No such file or directory
make[2]: *** No rule to make target 'ugfx_lib/drivers/gdisp/framebuffer/driver.mk'.  Stop.
make[2]: Leaving directory '~/projects/pinsecSoftware/tests/ugfx'
```

This one has just some missing files but the following one fails to link:

```
make[2]: Entering directory '~/projects/pinsecSoftware/tests/vga'
mkdir -p build/src/
/opt/riscv32i//bin/riscv32-unknown-elf-gcc -c -g -march=RV32IXcustom   -O3  -m32  -static   -I../../libs/test/ -I../../libs/uart/ -I../../libs/vga/ -I../../libs/ -o build/src/main.o src/main.cpp  
src/main.cpp: In function 'int main()':
src/main.cpp:34:26: warning: iteration 48 invokes undefined behavior [-Waggressive-loop-optimizations]
   vgaFramebuffer[0][idx] = idx;
   ~~~~~~~~~~~~~~~~~~~~~~~^~~~~
src/main.cpp:33:27: note: within this loop
  for(uint32_t idx = 0;idx < RES_X*RES_Y;idx++){
                           ^
mkdir -p build/src/
/opt/riscv32i//bin/riscv32-unknown-elf-gcc -c -g -march=RV32IXcustom   -O3  -m32  -static  -o build/src/crt.o src/crt.S -D__ASSEMBLY__=1
/opt/riscv32i//bin/riscv32-unknown-elf-gcc -g -march=RV32IXcustom   -O3  -m32  -static  -o build/vga.elf build/src/main.o build/src/crt.o -e_start  -nostartfiles -T ../../resources/linker.ld -Wl,-Map,build/vga.map /opt/riscv32i/riscv32-unknown-elf/lib//libc.a /opt/riscv32i/riscv32-unknown-elf/lib//libnosys.a 
build/src/crt.o: In function `trap_entry':
(.text+0x90): relocation truncated to fit: R_RISCV_JAL against symbol `irqCpp' defined in .text section in build/src/main.o
collect2: error: ld returned 1 exit status
../../resources/subproject.mk:36: recipe for target 'build/vga.elf' failed
make[2]: *** [build/vga.elf] Error 1
make[2]: Leaving directory '~/projects/pinsecSoftware/tests/vga'
```

Have you seen anything like this? There is another test failing to compile with a similar error:

```
make[2]: Entering directory '~/projects/pinsecSoftware/tests/gpio'
mkdir -p build/src/
/opt/riscv32i//bin/riscv32-unknown-elf-gcc -c -march=RV32IXcustom   -g -O0  -m32  -static    -o build/src/main.o src/main.cpp   
mkdir -p build/src/
/opt/riscv32i//bin/riscv32-unknown-elf-gcc -c -march=RV32IXcustom   -g -O0  -m32  -static  -o build/src/crt.o src/crt.S -D__ASSEMBLY__=1
/opt/riscv32i//bin/riscv32-unknown-elf-gcc -march=RV32IXcustom   -g -O0  -m32  -static  -o build/gpio.elf build/src/main.o build/src/crt.o -e_start  -nostartfiles -T ../../resources/linker.ld -Wl,-Map,build/gpio.map /opt/riscv32i/riscv32-unknown-elf/lib//libc.a /opt/riscv32i/riscv32-unknown-elf/lib//libnosys.a 
build/src/crt.o: In function `trap_entry':
(.text+0x90): relocation truncated to fit: R_RISCV_JAL against symbol `irqCpp' defined in .text section in build/src/main.o
collect2: error: ld returned 1 exit status
../../resources/subproject.mk:36: recipe for target 'build/gpio.elf' failed
make[2]: *** [build/gpio.elf] Error 1
make[2]: Leaving directory '~/projects/pinsecSoftware/tests/gpio'
```

They are failing for me even when I have 96K RAM and 64M SDRAM defined in linker.ld.

**Comment by roman3017** [comment]
Oddly enough moving .text section to RAM has fixed it. I have noticed crt.S file is bit different for test projects which are failing to link. Is it intentional?

**Comment by Dolu1990** [comment]
Great !

So yes, having more sdram timing is usefull :)

About
**(.text+0x90): relocation truncated to fit: R_RISCV_JAL against symbol `irqCpp' defined in .text section in build/src/main.o**
I fixed that issues with a commit on pinsecSoftware 3 days ago. Basicaly it's because i used the JAL instruction to jump from the RAM to the SDRAM, but that jump is to big, i had to use the CALL meta-instruction.  I forgot to update that for all tests, now it's ok.

About 
**makefile:8: ugfx_lib/gfx.mk: No such file or directory**
It's because there is an inner repository, when you clone pinsecSoftware , you have to add --recursive argument in the git command.
Also, i'm not sure about what is doing the VGA test, but the UGFX test is playing a fancy demo, and i'm sure the UGFX one work.

**I will read some more about it. All timing constraints are met. Based on the timing report the minimum period is 8ns while I use 20ns. So from FPGA point of view even 125MHz should work.Thanks.**
So, you mean you can run your Spartan at 125 Mhz with Pinsec  ?

Regards

**Comment by Dolu1990** [comment]
Hooo another question,
Du you use the generated Verilog or the generated VHDL ?

**Comment by roman3017** [comment]
Unfortunately I cannot run Pinsec at that speed. It is just that the timing report is claiming that the minimum period is 8ns. So the timing will not fail even if I set the axi clock to 125MHz. But unfortunately it does not work at that speed and I have it working at 50MHz now. So far I am using VHDL but I will try Verilog next.

**Comment by Dolu1990** [comment]
Ahh ok,
So currently  (to recapitulate) everything work at 50 Mhz with the VHDL ?
My personnal setup use the Verilog ^^ (because of cocotb + Icarus Verilog)

**Comment by roman3017** [comment]
Yes, everything (gpio, interrupts, uart, sdram) work with VHDL at 50MHz. I will try VGA and then Verilog. It seems that the VHDL TB is generated but not the Verilog one.

**Comment by Dolu1990** [comment]
Ahh cool.
So about TB, it's normal, only the VHDL backend generate an additional TB file. It's a feature that come from a long time ago :D

**Comment by roman3017** [comment]
I see, thanks. Can you place/route output from Icarus Verilog or you just synthesize and then simulate with cocotb?

**Comment by Dolu1990** [comment]
Hoo
So, "Icarus Verilog" is the name of the free simulation tool that i use to simulate generated Verilog files.
Cocotb is used to controle in/out of the unit under test in the simlator. It allow to write the test bench in Python.
My flow for pinsec is the folowing :
-Generate Verilog
-Do simulation with Cocotb+icarus verilog (which run some hex binaries and check the result)
-Synthetise with Quartus II

**Comment by Dolu1990** [comment]
Have to sleep ^^
See ya.

**Comment by roman3017** [comment]
Ok, thanks for the explanation.

**Comment by Dolu1990** [comment]
I updated the cDemo :
https://github.com/Dolu1990/pinsecSoftware/blob/master/tests/cDemo/src/main.c

(Use struct instead of uint32_t)

**Comment by roman3017** [comment]
Cool, thanks. I have noticed one can overwrite either puts or write, no need to necessarily overwrite both for uart to work. But it seems puts is easier to debug. I have one compiled out on my msp branch:
[https://github.com/roman3017/pinsecSoftware/blob/msp/tests/cDemo/src/main.c](https://github.com/roman3017/pinsecSoftware/blob/msp/tests/cDemo/src/main.c)
Please let me know if you want me to push this branch.

I have got Verilog working too. No VGA yet since my board has HDMI and hence I need to do some more work to serialize output for the display:
[https://github.com/roman3017/miniSpartan6-plus/tree/master/projects/pinsec](https://github.com/roman3017/miniSpartan6-plus/tree/master/projects/pinsec)

**Comment by Dolu1990** [comment]
Ahh yes your right, Also i will try to use bitfield in place of simple structs aswell. Merging now will probably be messy :)

Thanks for the link to you miniSpartan6-plus repository, it's a usefull ressource :D

**Comment by roman3017** [comment]
I am trying to get VGA working but have some trouble with blanking signal:
```
ERROR:HDLCompiler:1401 - "~/miniSpartan6-plus/projects/pinsec/top.v" Line 94: Signal VideoEnable in unit top is connected to following multiple drivers:
Driver 0: Pinsec/io_vga_colorEn driven by output signal colorEn of instance AND Gate (Pinsec).
Driver 1: Pinsec/io_gpioB_writeEnable[0] driven by output signal zz_7[0] of instance Flip-flop (Pinsec).
```
Have you seen this before?

**Comment by roman3017** [comment]
Have some problems with VGA. Do you know whether io_vga_colorEn corresponds to ~blank? Do I have to change the clock anywhere apart from Pinsec.h? I wonder about gfxMillisecondsToTicks().

**Comment by Dolu1990** [comment]
About clock frequancy, yes you have to change it in Pinsec.h.

So your are doing a VGA to HDMI bridge right  ?
Basicaly, io_vga_colorEn correspond to the drawArea of http://fpga4fun.com/HDMI.html
I never made any HDMI stuff. Are you using an external HDMI controller ?

**Comment by Dolu1990** [comment]
In the fpga4fun link, it look like hSync and vSync have a reversed polarity compared to Pinsec one (Pinsec one => http://javiervalcarce.eu/graphics/vga-signal-format.png)

**Comment by roman3017** [comment]
I do not use an external controller, this is the board: [minispartan6](https://www.scarabhardware.com/minispartan6). The code is on my [pinsec github repo](https://github.com/roman3017/miniSpartan6-plus/tree/master/projects/pinsec) if you are interested. Finally got VGA out working after passing expected 25MHz VGA clock to io_vgaClk argument in Pinsec. Maybe one can rewrite it in scala and generate the serialization code? Everything is working now including VGA/DVID output. Thanks a lot.

**Comment by roman3017** [comment]
On my github I am referring to forks to your SpinalHDL and pinsecSoftware repos instead of the originals. Of course I would prefer to refer to your original repos instead. 

In the Spinal HDL case it could be done by adding additional parameters to Pinsec constructor (clock speed, bram size, sdram config, sdram size) possibly moving SDRAM size to the SDRAM parameters in SdramDevices.scala. Then I could just point to the original repo and create a simple scala file with a content like:

```
//MS6P.scala 
import spinal.core._
import spinal.lib._
import spinal.lib.soc.pinsec._

object Pinsec {
  def main(args: Array[String]) {
    SpinalVerilog(new Pinsec(50 MHz, 4 KB, W9825G6JH6, 32 MB))
  }
}
```

In the pinsecSoftware case I hope to modify just Pinsec.h file (or possibly some env vars) with clock and memory layout and hope it would use these values in the source and linker files.

Are you interested in such changes? I can make the changes. Of course we can leave it with forks as is, if that is your preference at this time.

**Comment by Dolu1990** [comment]
Hi,

You are completly right, Pinsec now is completly hardcoded in its toplevel and it should be moved as argument parameter as you show.
So if you doesn't have done them already, i can do that, and tell you when it's ready to use :)
Is that all right ?

**Comment by roman3017** [comment]
Sounds good, thanks. I have not done it yet. For pinsecSoftware, a simple change like this:

```
diff --git a/tests/uart/makefile b/tests/uart/makefile
index 60f3194..322382b 100755
--- a/tests/uart/makefile
+++ b/tests/uart/makefile
@@ -11,9 +11,9 @@ SRCS =        $(wildcard src/*.c) \
 INC += -I../../libs/test/
 INC += -I../../libs/uart/

-LDSCRIPT = ../../resources/linker.ld
+LDSCRIPT ?= ../../resources/linker.ld
 include ../../resources/gcc.mk
 include ../../resources/subproject.mk
```

lets me to compile using my own linker.ld file as follows:

```
LDSCRIPT=~/projects/riscv/pinsecSoftware/linker.ld make
```

Then I need to change just clock, which I hope to also change from a command line variable:
https://github.com/roman3017/pinsecSoftware/commit/2e1e2895125ddd3a6a1eda9af089714497e30cb3
I will test the changes and let you know.

**Comment by Dolu1990** [comment]
Hoo ok :)
So tomorrow i will do modification about Pinsec, i will let's you know when it's done.

Just to know, by curiosity, in which context are you using Pinsec ? Hobby ? Academic usage ?

**Comment by roman3017** [comment]
At this stage I use it as a hobby project to learn more about RISCV.

I have tested the build changes and created a pull request: https://github.com/Dolu1990/pinsecSoftware/pull/3. With these changes I can build for my board like this without any other modifications using a custom linker script:

```
LDSCRIPT=~/linker.ld CFLAGS='-DCONFIG_CORE_HZ=50000000' make
```

These are modifications I have done for Pinsec, which I hope to be configurable:
https://github.com/roman3017/SpinalHDL/commit/ccccf4aef1a0e1620552b4742cef62de364722a2
https://github.com/roman3017/SpinalHDL/commit/5713d5cfc7178ceb565d789cee8a300aca763a75

I wonder whether SDRAM size can be calculated inside Sdram.scala in a similar way as capacity is calculated instead of hard coding it in Pinsec.

**Comment by Dolu1990** [comment]
Thanks for makefile fixes, i'm not very experenced into those :)

So i submit changes about pinsec to have things parameterizable.

``` scala
class Pinsec(config: PinsecConfig) extends Component{
  ...
}

case class PinsecConfig(axiFrequency : BigDecimal,
                        onChipRamSize : BigInt,
                        sdramLayout: SdramLayout,
                        sdramTimings: SdramTimings,
                        cpu : CoreConfig,
                        iCache : InstructionCacheConfig)
```

I put a "reference configuration object" in a PinsecConfig.default function :

``` scala
object PinsecConfig{
  def default = {
    val config = PinsecConfig(
      axiFrequency = 100 MHz,
      onChipRamSize  = 4 kB,
      sdramLayout = IS42x320D.layout,
      sdramTimings = IS42x320D.timingGrade7,
      cpu = CoreConfig(
        pcWidth = 32,
        addrWidth = 32,
        startAddress = 0x00000000,
        regFileReadyKind = sync,
        branchPrediction = dynamic,
        bypassExecute0 = true,
        bypassExecute1 = true,
        bypassWriteBack = true,
        bypassWriteBackBuffer = true,
        collapseBubble = false,
        fastFetchCmdPcCalculation = true,
        dynamicBranchPredictorCacheSizeLog2 = 7
      ),
      iCache = InstructionCacheConfig(
        cacheSize =4096,
        bytePerLine =32,
        wayCount = 1,  //Can only be one for the moment
        wrappedMemAccess = true,
        addressWidth = 32,
        cpuDataWidth = 32,
        memDataWidth = 32
      )
    )
    //The CPU has a systems of plugin which allow to add new feature into the core.
    //Those extension are not directly implemented into the core, but are kind of additive logic patch defined in a separated area.
    config.cpu.add(new MulExtension)
    config.cpu.add(new DivExtension)
    config.cpu.add(new BarrelShifterFullExtension)

    config
  }
}
```

So basicaly, what you can do for your stuff is the following :

``` scala
object PinsecSpartan6Plus{
  def main(args: Array[String]) {
    val config = PinsecConfig.default.copy(
      axiFrequency = 50 MHz,
      onChipRamSize = 36 kB,
      sdramLayout = W9825G6JH6.layout,
      sdramTimings = W9825G6JH6.timingGrade7
    )

    SpinalVerilog(new Pinsec(config))
  }
}
```

About SDRAM size, yes, it's now fixed (automatic).

**Comment by roman3017** [comment]
Great, I will try it out and update my instructions pointing to your original repositories. Thank you very much.

I can generate Pinsec.v now as follows:

```
$ cat lib/src/main/scala/spinal/lib/soc/pinsec/ms6p.scala
//ms6p.scala
import spinal.core._
import spinal.lib._
import spinal.lib.memory.sdram._
import spinal.lib.soc.pinsec._
object PinsecSpartan6Plus {
  def main(args: Array[String]) {
    val config = PinsecConfig.default.copy(
      axiFrequency = 50 MHz,
      onChipRamSize = 4 kB,
      sdramLayout = W9825G6JH6.layout,
      sdramTimings = W9825G6JH6.timingGrade7
    )
    SpinalVerilog(new Pinsec(config))
  }
}
$ sbt "project SpinalHDL-lib" "run-main PinsecSpartan6Plus"
```

I wonder whether there is a way to place the ms6p.scala file elsewhere or do I have to keep it in the same folder as Pinsec.scala?

**Comment by roman3017** [comment]
I have some doubts about calculating SDRAM capacity. In particular, my SDRAM size is 32MB. But the calculation is:

```
  def bytePerWord = dataWidth/8 = 16/8 = 2
  def wordAddressWidth = bankWidth + columnWidth + rowWidth = 2+9+13 = 24
  def byteAddressWidth = bankWidth + columnWidth + rowWidth + log2Up(bytePerWord) = 25
  def chipAddressWidth = Math.max(columnWidth,rowWidth) = 13
  def bankCount = 1 << bankWidth = 4
  def capacity = BigInt(byteAddressWidth) << chipAddressWidth = 25 << 13 = 204800
```

I think it should be this:

```
def capacity = 1 << byteAddressWidth = 1 << 25 = (1<<5)*(1<<10)*(1<<10) = 32*1024*1024 = 32MB
```

After this change (https://github.com/SpinalHDL/SpinalHDL/pull/46) the generated Pinsec.v works for me, while before it was not working.

**Comment by Dolu1990** [comment]
Hoooo yes you right, sorry.
Thanks for the fix :D

**Comment by roman3017** [comment]
No problem, I think it can be even more improved: https://github.com/SpinalHDL/SpinalHDL/pull/47
